<?xml version="1.0" encoding="UTF-8"?>
<testng-results skipped="0" failed="7" total="15" passed="8">
  <reporter-output>
  </reporter-output>
  <suite name="Default suite" duration-ms="114048" started-at="2016-02-24T09:34:03Z" finished-at="2016-02-24T09:35:57Z">
    <groups>
    </groups>
    <test name="Default test" duration-ms="114048" started-at="2016-02-24T09:34:03Z" finished-at="2016-02-24T09:35:57Z">
      <class name="com.vsii.tsc.TSCSelenium03.quyentx.MyNewTourTest">
        <test-method status="PASS" signature="testSetup()[pri:0, instance:com.vsii.tsc.TSCSelenium03.quyentx.MyNewTourTest@1464ce8]" test-instance-name="" name="testSetup" is-config="true" duration-ms="6056" started-at="2016-02-24T16:34:03Z" finished-at="2016-02-24T16:34:09Z">
          <reporter-output>
          </reporter-output>
        </test-method> <!-- testSetup -->
        <test-method name="beforeMethod" test-instance-name="" signature="beforeMethod()[pri:0, instance:com.vsii.tsc.TSCSelenium03.quyentx.MyNewTourTest@1464ce8]" is-config="true" status="PASS" duration-ms="0" finished-at="2016-02-24T16:34:10Z" started-at="2016-02-24T16:34:10Z" description="checkBook">
          <reporter-output>
          </reporter-output>
        </test-method> <!-- beforeMethod -->
        <test-method name="checkBookFlight" test-instance-name="" signature="checkBookFlight(java.lang.String, java.lang.String, java.lang.String, java.lang.String, java.lang.String, java.lang.String, java.lang.String, java.lang.String, java.lang.String, java.lang.String, java.lang.String, java.lang.String, java.lang.String, java.lang.String, java.lang.String, java.lang.String, java.lang.String, java.lang.String)[pri:0, instance:com.vsii.tsc.TSCSelenium03.quyentx.MyNewTourTest@1464ce8]" status="FAIL" duration-ms="13445" finished-at="2016-02-24T16:34:23Z" started-at="2016-02-24T16:34:10Z" data-provider="book" description="checkBook">
          <params>
            <param index="0">
              <value>
                <![CDATA[Quyen]]>
              </value>
            </param>
            <param index="1">
              <value>
                <![CDATA[Ta]]>
              </value>
            </param>
            <param index="2">
              <value>
                <![CDATA[Bland]]>
              </value>
            </param>
            <param index="3">
              <value>
                <![CDATA[Visa]]>
              </value>
            </param>
            <param index="4">
              <value>
                <![CDATA[asdadqfwfjjfdf]]>
              </value>
            </param>
            <param index="5">
              <value>
                <![CDATA[06]]>
              </value>
            </param>
            <param index="6">
              <value>
                <![CDATA[2010]]>
              </value>
            </param>
            <param index="7">
              <value>
                <![CDATA[Quyen]]>
              </value>
            </param>
            <param index="8">
              <value>
                <![CDATA[Xuan]]>
              </value>
            </param>
            <param index="9">
              <value>
                <![CDATA[Ta]]>
              </value>
            </param>
            <param index="10">
              <value>
                <![CDATA[123 Lincold Street]]>
              </value>
            </param>
            <param index="11">
              <value>
                <![CDATA[NewYork]]>
              </value>
            </param>
            <param index="12">
              <value>
                <![CDATA[New Jersey]]>
              </value>
            </param>
            <param index="13">
              <value>
                <![CDATA[700123]]>
              </value>
            </param>
            <param index="14">
              <value>
                <![CDATA[123 Lincold Street]]>
              </value>
            </param>
            <param index="15">
              <value>
                <![CDATA[NewYork]]>
              </value>
            </param>
            <param index="16">
              <value>
                <![CDATA[New Jersey]]>
              </value>
            </param>
            <param index="17">
              <value>
                <![CDATA[700123]]>
              </value>
            </param>
          </params>
          <exception class="java.lang.AssertionError">
            <message>
              <![CDATA[expected [http://newtours.demoaut.com/mercurypurchase.php] but found [http://newtours.demoaut.com/mercurypurchase2.php]]]>
            </message>
            <full-stacktrace>
              <![CDATA[java.lang.AssertionError: expected [http://newtours.demoaut.com/mercurypurchase.php] but found [http://newtours.demoaut.com/mercurypurchase2.php]
	at org.testng.Assert.fail(Assert.java:94)
	at org.testng.Assert.failNotEquals(Assert.java:513)
	at org.testng.Assert.assertEqualsImpl(Assert.java:135)
	at org.testng.Assert.assertEquals(Assert.java:116)
	at org.testng.Assert.assertEquals(Assert.java:190)
	at org.testng.Assert.assertEquals(Assert.java:200)
	at com.vsii.tsc.TSCSelenium03.quyentx.MyNewTourTest.checkBookFlight(MyNewTourTest.java:285)
	at sun.reflect.NativeMethodAccessorImpl.invoke0(Native Method)
	at sun.reflect.NativeMethodAccessorImpl.invoke(Unknown Source)
	at sun.reflect.DelegatingMethodAccessorImpl.invoke(Unknown Source)
	at java.lang.reflect.Method.invoke(Unknown Source)
	at org.testng.internal.MethodInvocationHelper.invokeMethod(MethodInvocationHelper.java:86)
	at org.testng.internal.Invoker.invokeMethod(Invoker.java:643)
	at org.testng.internal.Invoker.invokeTestMethod(Invoker.java:820)
	at org.testng.internal.Invoker.invokeTestMethods(Invoker.java:1128)
	at org.testng.internal.TestMethodWorker.invokeTestMethods(TestMethodWorker.java:129)
	at org.testng.internal.TestMethodWorker.run(TestMethodWorker.java:112)
	at org.testng.TestRunner.privateRun(TestRunner.java:782)
	at org.testng.TestRunner.run(TestRunner.java:632)
	at org.testng.SuiteRunner.runTest(SuiteRunner.java:366)
	at org.testng.SuiteRunner.runSequentially(SuiteRunner.java:361)
	at org.testng.SuiteRunner.privateRun(SuiteRunner.java:319)
	at org.testng.SuiteRunner.run(SuiteRunner.java:268)
	at org.testng.SuiteRunnerWorker.runSuite(SuiteRunnerWorker.java:52)
	at org.testng.SuiteRunnerWorker.run(SuiteRunnerWorker.java:86)
	at org.testng.TestNG.runSuitesSequentially(TestNG.java:1244)
	at org.testng.TestNG.runSuitesLocally(TestNG.java:1169)
	at org.testng.TestNG.run(TestNG.java:1064)
	at org.testng.remote.RemoteTestNG.run(RemoteTestNG.java:113)
	at org.testng.remote.RemoteTestNG.initAndRun(RemoteTestNG.java:206)
	at org.testng.remote.RemoteTestNG.main(RemoteTestNG.java:177)
]]>
            </full-stacktrace>
          </exception> <!-- java.lang.AssertionError -->
          <reporter-output>
          </reporter-output>
        </test-method> <!-- checkBookFlight -->
        <test-method name="checkBookFlight" test-instance-name="" signature="checkBookFlight(java.lang.String, java.lang.String, java.lang.String, java.lang.String, java.lang.String, java.lang.String, java.lang.String, java.lang.String, java.lang.String, java.lang.String, java.lang.String, java.lang.String, java.lang.String, java.lang.String, java.lang.String, java.lang.String, java.lang.String, java.lang.String)[pri:0, instance:com.vsii.tsc.TSCSelenium03.quyentx.MyNewTourTest@1464ce8]" status="FAIL" duration-ms="16942" finished-at="2016-02-24T16:34:40Z" started-at="2016-02-24T16:34:23Z" data-provider="book" description="checkBook">
          <params>
            <param index="0">
              <value>
                <![CDATA[ ]]>
              </value>
            </param>
            <param index="1">
              <value>
                <![CDATA[ ]]>
              </value>
            </param>
            <param index="2">
              <value>
                <![CDATA[Bland]]>
              </value>
            </param>
            <param index="3">
              <value>
                <![CDATA[Visa]]>
              </value>
            </param>
            <param index="4">
              <value>
                <![CDATA[ ]]>
              </value>
            </param>
            <param index="5">
              <value>
                <![CDATA[06]]>
              </value>
            </param>
            <param index="6">
              <value>
                <![CDATA[2010]]>
              </value>
            </param>
            <param index="7">
              <value>
                <![CDATA[Quyen]]>
              </value>
            </param>
            <param index="8">
              <value>
                <![CDATA[Xuan]]>
              </value>
            </param>
            <param index="9">
              <value>
                <![CDATA[Ta]]>
              </value>
            </param>
            <param index="10">
              <value>
                <![CDATA[123 Lincold Street]]>
              </value>
            </param>
            <param index="11">
              <value>
                <![CDATA[NewYork]]>
              </value>
            </param>
            <param index="12">
              <value>
                <![CDATA[New Jersey]]>
              </value>
            </param>
            <param index="13">
              <value>
                <![CDATA[700123]]>
              </value>
            </param>
            <param index="14">
              <value>
                <![CDATA[123 Lincold Street]]>
              </value>
            </param>
            <param index="15">
              <value>
                <![CDATA[NewYork]]>
              </value>
            </param>
            <param index="16">
              <value>
                <![CDATA[New Jersey]]>
              </value>
            </param>
            <param index="17">
              <value>
                <![CDATA[700123]]>
              </value>
            </param>
          </params>
          <exception class="java.lang.AssertionError">
            <message>
              <![CDATA[expected [http://newtours.demoaut.com/mercurypurchase.php] but found [http://newtours.demoaut.com/mercurypurchase2.php]]]>
            </message>
            <full-stacktrace>
              <![CDATA[java.lang.AssertionError: expected [http://newtours.demoaut.com/mercurypurchase.php] but found [http://newtours.demoaut.com/mercurypurchase2.php]
	at org.testng.Assert.fail(Assert.java:94)
	at org.testng.Assert.failNotEquals(Assert.java:513)
	at org.testng.Assert.assertEqualsImpl(Assert.java:135)
	at org.testng.Assert.assertEquals(Assert.java:116)
	at org.testng.Assert.assertEquals(Assert.java:190)
	at org.testng.Assert.assertEquals(Assert.java:200)
	at com.vsii.tsc.TSCSelenium03.quyentx.MyNewTourTest.checkBookFlight(MyNewTourTest.java:285)
	at sun.reflect.NativeMethodAccessorImpl.invoke0(Native Method)
	at sun.reflect.NativeMethodAccessorImpl.invoke(Unknown Source)
	at sun.reflect.DelegatingMethodAccessorImpl.invoke(Unknown Source)
	at java.lang.reflect.Method.invoke(Unknown Source)
	at org.testng.internal.MethodInvocationHelper.invokeMethod(MethodInvocationHelper.java:86)
	at org.testng.internal.Invoker.invokeMethod(Invoker.java:643)
	at org.testng.internal.Invoker.invokeTestMethod(Invoker.java:820)
	at org.testng.internal.Invoker.invokeTestMethods(Invoker.java:1128)
	at org.testng.internal.TestMethodWorker.invokeTestMethods(TestMethodWorker.java:129)
	at org.testng.internal.TestMethodWorker.run(TestMethodWorker.java:112)
	at org.testng.TestRunner.privateRun(TestRunner.java:782)
	at org.testng.TestRunner.run(TestRunner.java:632)
	at org.testng.SuiteRunner.runTest(SuiteRunner.java:366)
	at org.testng.SuiteRunner.runSequentially(SuiteRunner.java:361)
	at org.testng.SuiteRunner.privateRun(SuiteRunner.java:319)
	at org.testng.SuiteRunner.run(SuiteRunner.java:268)
	at org.testng.SuiteRunnerWorker.runSuite(SuiteRunnerWorker.java:52)
	at org.testng.SuiteRunnerWorker.run(SuiteRunnerWorker.java:86)
	at org.testng.TestNG.runSuitesSequentially(TestNG.java:1244)
	at org.testng.TestNG.runSuitesLocally(TestNG.java:1169)
	at org.testng.TestNG.run(TestNG.java:1064)
	at org.testng.remote.RemoteTestNG.run(RemoteTestNG.java:113)
	at org.testng.remote.RemoteTestNG.initAndRun(RemoteTestNG.java:206)
	at org.testng.remote.RemoteTestNG.main(RemoteTestNG.java:177)
]]>
            </full-stacktrace>
          </exception> <!-- java.lang.AssertionError -->
          <reporter-output>
          </reporter-output>
        </test-method> <!-- checkBookFlight -->
        <test-method name="beforeMethod" test-instance-name="" signature="beforeMethod()[pri:0, instance:com.vsii.tsc.TSCSelenium03.quyentx.MyNewTourTest@1464ce8]" is-config="true" status="PASS" duration-ms="0" finished-at="2016-02-24T16:34:23Z" started-at="2016-02-24T16:34:23Z" description="checkBook">
          <reporter-output>
          </reporter-output>
        </test-method> <!-- beforeMethod -->
        <test-method name="afterMethod" test-instance-name="" signature="afterMethod()[pri:0, instance:com.vsii.tsc.TSCSelenium03.quyentx.MyNewTourTest@1464ce8]" is-config="true" status="PASS" duration-ms="0" finished-at="2016-02-24T16:34:23Z" started-at="2016-02-24T16:34:23Z" description="checkBook">
          <reporter-output>
          </reporter-output>
        </test-method> <!-- afterMethod -->
        <test-method name="beforeMethod" test-instance-name="" signature="beforeMethod()[pri:0, instance:com.vsii.tsc.TSCSelenium03.quyentx.MyNewTourTest@1464ce8]" is-config="true" status="PASS" duration-ms="0" finished-at="2016-02-24T16:34:40Z" started-at="2016-02-24T16:34:40Z" description="checkBook">
          <reporter-output>
          </reporter-output>
        </test-method> <!-- beforeMethod -->
        <test-method status="PASS" signature="checkBookFlightValid()[pri:0, instance:com.vsii.tsc.TSCSelenium03.quyentx.MyNewTourTest@1464ce8]" test-instance-name="" name="checkBookFlightValid" duration-ms="14610" started-at="2016-02-24T16:34:40Z" finished-at="2016-02-24T16:34:55Z">
          <reporter-output>
          </reporter-output>
        </test-method> <!-- checkBookFlightValid -->
        <test-method name="afterMethod" test-instance-name="" signature="afterMethod()[pri:0, instance:com.vsii.tsc.TSCSelenium03.quyentx.MyNewTourTest@1464ce8]" is-config="true" status="PASS" duration-ms="0" finished-at="2016-02-24T16:34:40Z" started-at="2016-02-24T16:34:40Z" description="checkBook">
          <reporter-output>
          </reporter-output>
        </test-method> <!-- afterMethod -->
        <test-method name="afterMethod" test-instance-name="" signature="afterMethod()[pri:0, instance:com.vsii.tsc.TSCSelenium03.quyentx.MyNewTourTest@1464ce8]" is-config="true" status="PASS" duration-ms="0" finished-at="2016-02-24T16:34:55Z" started-at="2016-02-24T16:34:55Z" description="checkBook">
          <reporter-output>
          </reporter-output>
        </test-method> <!-- afterMethod -->
        <test-method status="FAIL" signature="checkFindFlight(java.lang.String, java.lang.String, java.lang.String, java.lang.String, java.lang.String, java.lang.String, java.lang.String)[pri:0, instance:com.vsii.tsc.TSCSelenium03.quyentx.MyNewTourTest@1464ce8]" test-instance-name="" name="checkFindFlight" duration-ms="8030" started-at="2016-02-24T16:34:55Z" data-provider="find" finished-at="2016-02-24T16:35:03Z">
          <params>
            <param index="0">
              <value>
                <![CDATA[1]]>
              </value>
            </param>
            <param index="1">
              <value>
                <![CDATA[London]]>
              </value>
            </param>
            <param index="2">
              <value>
                <![CDATA[31]]>
              </value>
            </param>
            <param index="3">
              <value>
                <![CDATA[February]]>
              </value>
            </param>
            <param index="4">
              <value>
                <![CDATA[Portland]]>
              </value>
            </param>
            <param index="5">
              <value>
                <![CDATA[January]]>
              </value>
            </param>
            <param index="6">
              <value>
                <![CDATA[15]]>
              </value>
            </param>
          </params>
          <exception class="java.lang.AssertionError">
            <message>
              <![CDATA[expected [http://newtours.demoaut.com/mercuryreservation.php] but found [http://newtours.demoaut.com/mercuryreservation2.php]]]>
            </message>
            <full-stacktrace>
              <![CDATA[java.lang.AssertionError: expected [http://newtours.demoaut.com/mercuryreservation.php] but found [http://newtours.demoaut.com/mercuryreservation2.php]
	at org.testng.Assert.fail(Assert.java:94)
	at org.testng.Assert.failNotEquals(Assert.java:513)
	at org.testng.Assert.assertEqualsImpl(Assert.java:135)
	at org.testng.Assert.assertEquals(Assert.java:116)
	at org.testng.Assert.assertEquals(Assert.java:190)
	at org.testng.Assert.assertEquals(Assert.java:200)
	at com.vsii.tsc.TSCSelenium03.quyentx.MyNewTourTest.checkFindFlight(MyNewTourTest.java:232)
	at sun.reflect.NativeMethodAccessorImpl.invoke0(Native Method)
	at sun.reflect.NativeMethodAccessorImpl.invoke(Unknown Source)
	at sun.reflect.DelegatingMethodAccessorImpl.invoke(Unknown Source)
	at java.lang.reflect.Method.invoke(Unknown Source)
	at org.testng.internal.MethodInvocationHelper.invokeMethod(MethodInvocationHelper.java:86)
	at org.testng.internal.Invoker.invokeMethod(Invoker.java:643)
	at org.testng.internal.Invoker.invokeTestMethod(Invoker.java:820)
	at org.testng.internal.Invoker.invokeTestMethods(Invoker.java:1128)
	at org.testng.internal.TestMethodWorker.invokeTestMethods(TestMethodWorker.java:129)
	at org.testng.internal.TestMethodWorker.run(TestMethodWorker.java:112)
	at org.testng.TestRunner.privateRun(TestRunner.java:782)
	at org.testng.TestRunner.run(TestRunner.java:632)
	at org.testng.SuiteRunner.runTest(SuiteRunner.java:366)
	at org.testng.SuiteRunner.runSequentially(SuiteRunner.java:361)
	at org.testng.SuiteRunner.privateRun(SuiteRunner.java:319)
	at org.testng.SuiteRunner.run(SuiteRunner.java:268)
	at org.testng.SuiteRunnerWorker.runSuite(SuiteRunnerWorker.java:52)
	at org.testng.SuiteRunnerWorker.run(SuiteRunnerWorker.java:86)
	at org.testng.TestNG.runSuitesSequentially(TestNG.java:1244)
	at org.testng.TestNG.runSuitesLocally(TestNG.java:1169)
	at org.testng.TestNG.run(TestNG.java:1064)
	at org.testng.remote.RemoteTestNG.run(RemoteTestNG.java:113)
	at org.testng.remote.RemoteTestNG.initAndRun(RemoteTestNG.java:206)
	at org.testng.remote.RemoteTestNG.main(RemoteTestNG.java:177)
]]>
            </full-stacktrace>
          </exception> <!-- java.lang.AssertionError -->
          <reporter-output>
          </reporter-output>
        </test-method> <!-- checkFindFlight -->
        <test-method name="beforeMethod" test-instance-name="" signature="beforeMethod()[pri:0, instance:com.vsii.tsc.TSCSelenium03.quyentx.MyNewTourTest@1464ce8]" is-config="true" status="PASS" duration-ms="0" finished-at="2016-02-24T16:34:55Z" started-at="2016-02-24T16:34:55Z" description="checkBook">
          <reporter-output>
          </reporter-output>
        </test-method> <!-- beforeMethod -->
        <test-method name="afterMethod" test-instance-name="" signature="afterMethod()[pri:0, instance:com.vsii.tsc.TSCSelenium03.quyentx.MyNewTourTest@1464ce8]" is-config="true" status="PASS" duration-ms="0" finished-at="2016-02-24T16:35:03Z" started-at="2016-02-24T16:35:03Z" description="checkBook">
          <reporter-output>
          </reporter-output>
        </test-method> <!-- afterMethod -->
        <test-method status="PASS" signature="checkFindFlightValid()[pri:0, instance:com.vsii.tsc.TSCSelenium03.quyentx.MyNewTourTest@1464ce8]" test-instance-name="" name="checkFindFlightValid" duration-ms="8014" started-at="2016-02-24T16:35:03Z" finished-at="2016-02-24T16:35:11Z">
          <reporter-output>
          </reporter-output>
        </test-method> <!-- checkFindFlightValid -->
        <test-method name="beforeMethod" test-instance-name="" signature="beforeMethod()[pri:0, instance:com.vsii.tsc.TSCSelenium03.quyentx.MyNewTourTest@1464ce8]" is-config="true" status="PASS" duration-ms="0" finished-at="2016-02-24T16:35:03Z" started-at="2016-02-24T16:35:03Z" description="checkBook">
          <reporter-output>
          </reporter-output>
        </test-method> <!-- beforeMethod -->
        <test-method name="afterMethod" test-instance-name="" signature="afterMethod()[pri:0, instance:com.vsii.tsc.TSCSelenium03.quyentx.MyNewTourTest@1464ce8]" is-config="true" status="PASS" duration-ms="0" finished-at="2016-02-24T16:35:11Z" started-at="2016-02-24T16:35:11Z" description="checkBook">
          <reporter-output>
          </reporter-output>
        </test-method> <!-- afterMethod -->
        <test-method status="FAIL" signature="checkLogin(java.lang.String, java.lang.String)[pri:0, instance:com.vsii.tsc.TSCSelenium03.quyentx.MyNewTourTest@1464ce8]" test-instance-name="" name="checkLogin" duration-ms="980" started-at="2016-02-24T16:35:11Z" data-provider="login" finished-at="2016-02-24T16:35:12Z">
          <params>
            <param index="0">
              <value>
                <![CDATA[myname]]>
              </value>
            </param>
            <param index="1">
              <value>
                <![CDATA[123456]]>
              </value>
            </param>
          </params>
          <exception class="java.lang.NullPointerException">
            <full-stacktrace>
              <![CDATA[java.lang.NullPointerException
	at com.vsii.tsc.TSCSelenium03.quyentx.MyNewTourTest.checkLogin(MyNewTourTest.java:51)
	at sun.reflect.NativeMethodAccessorImpl.invoke0(Native Method)
	at sun.reflect.NativeMethodAccessorImpl.invoke(Unknown Source)
	at sun.reflect.DelegatingMethodAccessorImpl.invoke(Unknown Source)
	at java.lang.reflect.Method.invoke(Unknown Source)
	at org.testng.internal.MethodInvocationHelper.invokeMethod(MethodInvocationHelper.java:86)
	at org.testng.internal.Invoker.invokeMethod(Invoker.java:643)
	at org.testng.internal.Invoker.invokeTestMethod(Invoker.java:820)
	at org.testng.internal.Invoker.invokeTestMethods(Invoker.java:1128)
	at org.testng.internal.TestMethodWorker.invokeTestMethods(TestMethodWorker.java:129)
	at org.testng.internal.TestMethodWorker.run(TestMethodWorker.java:112)
	at org.testng.TestRunner.privateRun(TestRunner.java:782)
	at org.testng.TestRunner.run(TestRunner.java:632)
	at org.testng.SuiteRunner.runTest(SuiteRunner.java:366)
	at org.testng.SuiteRunner.runSequentially(SuiteRunner.java:361)
	at org.testng.SuiteRunner.privateRun(SuiteRunner.java:319)
	at org.testng.SuiteRunner.run(SuiteRunner.java:268)
	at org.testng.SuiteRunnerWorker.runSuite(SuiteRunnerWorker.java:52)
	at org.testng.SuiteRunnerWorker.run(SuiteRunnerWorker.java:86)
	at org.testng.TestNG.runSuitesSequentially(TestNG.java:1244)
	at org.testng.TestNG.runSuitesLocally(TestNG.java:1169)
	at org.testng.TestNG.run(TestNG.java:1064)
	at org.testng.remote.RemoteTestNG.run(RemoteTestNG.java:113)
	at org.testng.remote.RemoteTestNG.initAndRun(RemoteTestNG.java:206)
	at org.testng.remote.RemoteTestNG.main(RemoteTestNG.java:177)
]]>
            </full-stacktrace>
          </exception> <!-- java.lang.NullPointerException -->
          <reporter-output>
          </reporter-output>
        </test-method> <!-- checkLogin -->
        <test-method name="beforeMethod" test-instance-name="" signature="beforeMethod()[pri:0, instance:com.vsii.tsc.TSCSelenium03.quyentx.MyNewTourTest@1464ce8]" is-config="true" status="PASS" duration-ms="0" finished-at="2016-02-24T16:35:11Z" started-at="2016-02-24T16:35:11Z" description="checkBook">
          <reporter-output>
          </reporter-output>
        </test-method> <!-- beforeMethod -->
        <test-method name="afterMethod" test-instance-name="" signature="afterMethod()[pri:0, instance:com.vsii.tsc.TSCSelenium03.quyentx.MyNewTourTest@1464ce8]" is-config="true" status="PASS" duration-ms="0" finished-at="2016-02-24T16:35:12Z" started-at="2016-02-24T16:35:12Z" description="checkBook">
          <reporter-output>
          </reporter-output>
        </test-method> <!-- afterMethod -->
        <test-method name="beforeMethod" test-instance-name="" signature="beforeMethod()[pri:0, instance:com.vsii.tsc.TSCSelenium03.quyentx.MyNewTourTest@1464ce8]" is-config="true" status="PASS" duration-ms="0" finished-at="2016-02-24T16:35:12Z" started-at="2016-02-24T16:35:12Z" description="checkBook">
          <reporter-output>
          </reporter-output>
        </test-method> <!-- beforeMethod -->
        <test-method status="FAIL" signature="checkLogin(java.lang.String, java.lang.String)[pri:0, instance:com.vsii.tsc.TSCSelenium03.quyentx.MyNewTourTest@1464ce8]" test-instance-name="" name="checkLogin" duration-ms="902" started-at="2016-02-24T16:35:12Z" data-provider="login" finished-at="2016-02-24T16:35:13Z">
          <params>
            <param index="0">
              <value>
                <![CDATA[myusername]]>
              </value>
            </param>
            <param index="1">
              <value>
                <![CDATA[9876543]]>
              </value>
            </param>
          </params>
          <exception class="java.lang.NullPointerException">
            <full-stacktrace>
              <![CDATA[java.lang.NullPointerException
	at com.vsii.tsc.TSCSelenium03.quyentx.MyNewTourTest.checkLogin(MyNewTourTest.java:51)
	at sun.reflect.NativeMethodAccessorImpl.invoke0(Native Method)
	at sun.reflect.NativeMethodAccessorImpl.invoke(Unknown Source)
	at sun.reflect.DelegatingMethodAccessorImpl.invoke(Unknown Source)
	at java.lang.reflect.Method.invoke(Unknown Source)
	at org.testng.internal.MethodInvocationHelper.invokeMethod(MethodInvocationHelper.java:86)
	at org.testng.internal.Invoker.invokeMethod(Invoker.java:643)
	at org.testng.internal.Invoker.invokeTestMethod(Invoker.java:820)
	at org.testng.internal.Invoker.invokeTestMethods(Invoker.java:1128)
	at org.testng.internal.TestMethodWorker.invokeTestMethods(TestMethodWorker.java:129)
	at org.testng.internal.TestMethodWorker.run(TestMethodWorker.java:112)
	at org.testng.TestRunner.privateRun(TestRunner.java:782)
	at org.testng.TestRunner.run(TestRunner.java:632)
	at org.testng.SuiteRunner.runTest(SuiteRunner.java:366)
	at org.testng.SuiteRunner.runSequentially(SuiteRunner.java:361)
	at org.testng.SuiteRunner.privateRun(SuiteRunner.java:319)
	at org.testng.SuiteRunner.run(SuiteRunner.java:268)
	at org.testng.SuiteRunnerWorker.runSuite(SuiteRunnerWorker.java:52)
	at org.testng.SuiteRunnerWorker.run(SuiteRunnerWorker.java:86)
	at org.testng.TestNG.runSuitesSequentially(TestNG.java:1244)
	at org.testng.TestNG.runSuitesLocally(TestNG.java:1169)
	at org.testng.TestNG.run(TestNG.java:1064)
	at org.testng.remote.RemoteTestNG.run(RemoteTestNG.java:113)
	at org.testng.remote.RemoteTestNG.initAndRun(RemoteTestNG.java:206)
	at org.testng.remote.RemoteTestNG.main(RemoteTestNG.java:177)
]]>
            </full-stacktrace>
          </exception> <!-- java.lang.NullPointerException -->
          <reporter-output>
          </reporter-output>
        </test-method> <!-- checkLogin -->
        <test-method status="FAIL" signature="checkLogin(java.lang.String, java.lang.String)[pri:0, instance:com.vsii.tsc.TSCSelenium03.quyentx.MyNewTourTest@1464ce8]" test-instance-name="" name="checkLogin" duration-ms="852" started-at="2016-02-24T16:35:13Z" data-provider="login" finished-at="2016-02-24T16:35:14Z">
          <params>
            <param index="0">
              <value>
                <![CDATA[tutorial]]>
              </value>
            </param>
            <param index="1">
              <value>
                <![CDATA[&%^$(***]]>
              </value>
            </param>
          </params>
          <exception class="java.lang.NullPointerException">
            <full-stacktrace>
              <![CDATA[java.lang.NullPointerException
	at com.vsii.tsc.TSCSelenium03.quyentx.MyNewTourTest.checkLogin(MyNewTourTest.java:51)
	at sun.reflect.NativeMethodAccessorImpl.invoke0(Native Method)
	at sun.reflect.NativeMethodAccessorImpl.invoke(Unknown Source)
	at sun.reflect.DelegatingMethodAccessorImpl.invoke(Unknown Source)
	at java.lang.reflect.Method.invoke(Unknown Source)
	at org.testng.internal.MethodInvocationHelper.invokeMethod(MethodInvocationHelper.java:86)
	at org.testng.internal.Invoker.invokeMethod(Invoker.java:643)
	at org.testng.internal.Invoker.invokeTestMethod(Invoker.java:820)
	at org.testng.internal.Invoker.invokeTestMethods(Invoker.java:1128)
	at org.testng.internal.TestMethodWorker.invokeTestMethods(TestMethodWorker.java:129)
	at org.testng.internal.TestMethodWorker.run(TestMethodWorker.java:112)
	at org.testng.TestRunner.privateRun(TestRunner.java:782)
	at org.testng.TestRunner.run(TestRunner.java:632)
	at org.testng.SuiteRunner.runTest(SuiteRunner.java:366)
	at org.testng.SuiteRunner.runSequentially(SuiteRunner.java:361)
	at org.testng.SuiteRunner.privateRun(SuiteRunner.java:319)
	at org.testng.SuiteRunner.run(SuiteRunner.java:268)
	at org.testng.SuiteRunnerWorker.runSuite(SuiteRunnerWorker.java:52)
	at org.testng.SuiteRunnerWorker.run(SuiteRunnerWorker.java:86)
	at org.testng.TestNG.runSuitesSequentially(TestNG.java:1244)
	at org.testng.TestNG.runSuitesLocally(TestNG.java:1169)
	at org.testng.TestNG.run(TestNG.java:1064)
	at org.testng.remote.RemoteTestNG.run(RemoteTestNG.java:113)
	at org.testng.remote.RemoteTestNG.initAndRun(RemoteTestNG.java:206)
	at org.testng.remote.RemoteTestNG.main(RemoteTestNG.java:177)
]]>
            </full-stacktrace>
          </exception> <!-- java.lang.NullPointerException -->
          <reporter-output>
          </reporter-output>
        </test-method> <!-- checkLogin -->
        <test-method name="afterMethod" test-instance-name="" signature="afterMethod()[pri:0, instance:com.vsii.tsc.TSCSelenium03.quyentx.MyNewTourTest@1464ce8]" is-config="true" status="PASS" duration-ms="0" finished-at="2016-02-24T16:35:13Z" started-at="2016-02-24T16:35:13Z" description="checkBook">
          <reporter-output>
          </reporter-output>
        </test-method> <!-- afterMethod -->
        <test-method name="beforeMethod" test-instance-name="" signature="beforeMethod()[pri:0, instance:com.vsii.tsc.TSCSelenium03.quyentx.MyNewTourTest@1464ce8]" is-config="true" status="PASS" duration-ms="0" finished-at="2016-02-24T16:35:13Z" started-at="2016-02-24T16:35:13Z" description="checkBook">
          <reporter-output>
          </reporter-output>
        </test-method> <!-- beforeMethod -->
        <test-method name="beforeMethod" test-instance-name="" signature="beforeMethod()[pri:0, instance:com.vsii.tsc.TSCSelenium03.quyentx.MyNewTourTest@1464ce8]" is-config="true" status="PASS" duration-ms="0" finished-at="2016-02-24T16:35:14Z" started-at="2016-02-24T16:35:14Z" description="checkBook">
          <reporter-output>
          </reporter-output>
        </test-method> <!-- beforeMethod -->
        <test-method name="afterMethod" test-instance-name="" signature="afterMethod()[pri:0, instance:com.vsii.tsc.TSCSelenium03.quyentx.MyNewTourTest@1464ce8]" is-config="true" status="PASS" duration-ms="0" finished-at="2016-02-24T16:35:14Z" started-at="2016-02-24T16:35:14Z" description="checkBook">
          <reporter-output>
          </reporter-output>
        </test-method> <!-- afterMethod -->
        <test-method status="PASS" signature="checkLoginValid()[pri:0, instance:com.vsii.tsc.TSCSelenium03.quyentx.MyNewTourTest@1464ce8]" test-instance-name="" name="checkLoginValid" duration-ms="4455" started-at="2016-02-24T16:35:14Z" finished-at="2016-02-24T16:35:18Z">
          <reporter-output>
          </reporter-output>
        </test-method> <!-- checkLoginValid -->
        <test-method name="afterMethod" test-instance-name="" signature="afterMethod()[pri:0, instance:com.vsii.tsc.TSCSelenium03.quyentx.MyNewTourTest@1464ce8]" is-config="true" status="PASS" duration-ms="0" finished-at="2016-02-24T16:35:18Z" started-at="2016-02-24T16:35:18Z" description="checkBook">
          <reporter-output>
          </reporter-output>
        </test-method> <!-- afterMethod -->
        <test-method name="beforeMethod" test-instance-name="" signature="beforeMethod()[pri:0, instance:com.vsii.tsc.TSCSelenium03.quyentx.MyNewTourTest@1464ce8]" is-config="true" status="PASS" duration-ms="0" finished-at="2016-02-24T16:35:18Z" started-at="2016-02-24T16:35:18Z" description="checkBook">
          <reporter-output>
          </reporter-output>
        </test-method> <!-- beforeMethod -->
        <test-method status="FAIL" signature="checkRegister(java.lang.String, java.lang.String, java.lang.String, java.lang.String, java.lang.String, java.lang.String, java.lang.String, java.lang.String, java.lang.String, java.lang.String, java.lang.String, java.lang.String)[pri:0, instance:com.vsii.tsc.TSCSelenium03.quyentx.MyNewTourTest@1464ce8]" test-instance-name="" name="checkRegister" duration-ms="4214" started-at="2016-02-24T16:35:18Z" data-provider="reg" finished-at="2016-02-24T16:35:22Z">
          <params>
            <param index="0">
              <value>
                <![CDATA[Quyen]]>
              </value>
            </param>
            <param index="1">
              <value>
                <![CDATA[Ta]]>
              </value>
            </param>
            <param index="2">
              <value>
                <![CDATA[0987654321']]>
              </value>
            </param>
            <param index="3">
              <value>
                <![CDATA[test@mail.com]]>
              </value>
            </param>
            <param index="4">
              <value>
                <![CDATA[123 Lincold Street]]>
              </value>
            </param>
            <param index="5">
              <value>
                <![CDATA[NewYork]]>
              </value>
            </param>
            <param index="6">
              <value>
                <![CDATA[New Jersey]]>
              </value>
            </param>
            <param index="7">
              <value>
                <![CDATA[700123]]>
              </value>
            </param>
            <param index="8">
              <value>
                <![CDATA[United States]]>
              </value>
            </param>
            <param index="9">
              <value>
                <![CDATA[quyentx]]>
              </value>
            </param>
            <param index="10">
              <value>
                <![CDATA[password1']]>
              </value>
            </param>
            <param index="11">
              <value>
                <![CDATA[password123]]>
              </value>
            </param>
          </params>
          <exception class="java.lang.AssertionError">
            <message>
              <![CDATA[expected [http://newtours.demoaut.com/mercuryregister.php] but found [http://newtours.demoaut.com/create_account_success.php]]]>
            </message>
            <full-stacktrace>
              <![CDATA[java.lang.AssertionError: expected [http://newtours.demoaut.com/mercuryregister.php] but found [http://newtours.demoaut.com/create_account_success.php]
	at org.testng.Assert.fail(Assert.java:94)
	at org.testng.Assert.failNotEquals(Assert.java:513)
	at org.testng.Assert.assertEqualsImpl(Assert.java:135)
	at org.testng.Assert.assertEquals(Assert.java:116)
	at org.testng.Assert.assertEquals(Assert.java:190)
	at org.testng.Assert.assertEquals(Assert.java:200)
	at com.vsii.tsc.TSCSelenium03.quyentx.MyNewTourTest.checkRegister(MyNewTourTest.java:184)
	at sun.reflect.NativeMethodAccessorImpl.invoke0(Native Method)
	at sun.reflect.NativeMethodAccessorImpl.invoke(Unknown Source)
	at sun.reflect.DelegatingMethodAccessorImpl.invoke(Unknown Source)
	at java.lang.reflect.Method.invoke(Unknown Source)
	at org.testng.internal.MethodInvocationHelper.invokeMethod(MethodInvocationHelper.java:86)
	at org.testng.internal.Invoker.invokeMethod(Invoker.java:643)
	at org.testng.internal.Invoker.invokeTestMethod(Invoker.java:820)
	at org.testng.internal.Invoker.invokeTestMethods(Invoker.java:1128)
	at org.testng.internal.TestMethodWorker.invokeTestMethods(TestMethodWorker.java:129)
	at org.testng.internal.TestMethodWorker.run(TestMethodWorker.java:112)
	at org.testng.TestRunner.privateRun(TestRunner.java:782)
	at org.testng.TestRunner.run(TestRunner.java:632)
	at org.testng.SuiteRunner.runTest(SuiteRunner.java:366)
	at org.testng.SuiteRunner.runSequentially(SuiteRunner.java:361)
	at org.testng.SuiteRunner.privateRun(SuiteRunner.java:319)
	at org.testng.SuiteRunner.run(SuiteRunner.java:268)
	at org.testng.SuiteRunnerWorker.runSuite(SuiteRunnerWorker.java:52)
	at org.testng.SuiteRunnerWorker.run(SuiteRunnerWorker.java:86)
	at org.testng.TestNG.runSuitesSequentially(TestNG.java:1244)
	at org.testng.TestNG.runSuitesLocally(TestNG.java:1169)
	at org.testng.TestNG.run(TestNG.java:1064)
	at org.testng.remote.RemoteTestNG.run(RemoteTestNG.java:113)
	at org.testng.remote.RemoteTestNG.initAndRun(RemoteTestNG.java:206)
	at org.testng.remote.RemoteTestNG.main(RemoteTestNG.java:177)
]]>
            </full-stacktrace>
          </exception> <!-- java.lang.AssertionError -->
          <reporter-output>
          </reporter-output>
        </test-method> <!-- checkRegister -->
        <test-method name="afterMethod" test-instance-name="" signature="afterMethod()[pri:0, instance:com.vsii.tsc.TSCSelenium03.quyentx.MyNewTourTest@1464ce8]" is-config="true" status="PASS" duration-ms="0" finished-at="2016-02-24T16:35:22Z" started-at="2016-02-24T16:35:22Z" description="checkBook">
          <reporter-output>
          </reporter-output>
        </test-method> <!-- afterMethod -->
        <test-method name="beforeMethod" test-instance-name="" signature="beforeMethod()[pri:0, instance:com.vsii.tsc.TSCSelenium03.quyentx.MyNewTourTest@1464ce8]" is-config="true" status="PASS" duration-ms="0" finished-at="2016-02-24T16:35:22Z" started-at="2016-02-24T16:35:22Z" description="checkBook">
          <reporter-output>
          </reporter-output>
        </test-method> <!-- beforeMethod -->
        <test-method status="PASS" signature="checkRegisterValid()[pri:0, instance:com.vsii.tsc.TSCSelenium03.quyentx.MyNewTourTest@1464ce8]" test-instance-name="" name="checkRegisterValid" duration-ms="4202" started-at="2016-02-24T16:35:22Z" finished-at="2016-02-24T16:35:27Z">
          <reporter-output>
          </reporter-output>
        </test-method> <!-- checkRegisterValid -->
        <test-method name="afterMethod" test-instance-name="" signature="afterMethod()[pri:0, instance:com.vsii.tsc.TSCSelenium03.quyentx.MyNewTourTest@1464ce8]" is-config="true" status="PASS" duration-ms="0" finished-at="2016-02-24T16:35:27Z" started-at="2016-02-24T16:35:27Z" description="checkBook">
          <reporter-output>
          </reporter-output>
        </test-method> <!-- afterMethod -->
        <test-method name="beforeMethod" test-instance-name="" signature="beforeMethod()[pri:0, instance:com.vsii.tsc.TSCSelenium03.quyentx.MyNewTourTest@1464ce8]" is-config="true" status="PASS" duration-ms="0" finished-at="2016-02-24T16:35:27Z" started-at="2016-02-24T16:35:27Z" description="checkBook">
          <reporter-output>
          </reporter-output>
        </test-method> <!-- beforeMethod -->
        <test-method status="PASS" signature="checkSelectFlightValid()[pri:0, instance:com.vsii.tsc.TSCSelenium03.quyentx.MyNewTourTest@1464ce8]" test-instance-name="" name="checkSelectFlightValid" duration-ms="9342" started-at="2016-02-24T16:35:27Z" finished-at="2016-02-24T16:35:36Z">
          <reporter-output>
          </reporter-output>
        </test-method> <!-- checkSelectFlightValid -->
        <test-method name="beforeMethod" test-instance-name="" signature="beforeMethod()[pri:0, instance:com.vsii.tsc.TSCSelenium03.quyentx.MyNewTourTest@1464ce8]" is-config="true" status="PASS" duration-ms="0" finished-at="2016-02-24T16:35:36Z" started-at="2016-02-24T16:35:36Z" description="checkBook">
          <reporter-output>
          </reporter-output>
        </test-method> <!-- beforeMethod -->
        <test-method status="PASS" signature="findFlight()[pri:0, instance:com.vsii.tsc.TSCSelenium03.quyentx.MyNewTourTest@1464ce8]" test-instance-name="" name="findFlight" duration-ms="7548" started-at="2016-02-24T16:35:36Z" finished-at="2016-02-24T16:35:44Z">
          <reporter-output>
          </reporter-output>
        </test-method> <!-- findFlight -->
        <test-method name="afterMethod" test-instance-name="" signature="afterMethod()[pri:0, instance:com.vsii.tsc.TSCSelenium03.quyentx.MyNewTourTest@1464ce8]" is-config="true" status="PASS" duration-ms="0" finished-at="2016-02-24T16:35:36Z" started-at="2016-02-24T16:35:36Z" description="checkBook">
          <reporter-output>
          </reporter-output>
        </test-method> <!-- afterMethod -->
        <test-method name="beforeMethod" test-instance-name="" signature="beforeMethod()[pri:0, instance:com.vsii.tsc.TSCSelenium03.quyentx.MyNewTourTest@1464ce8]" is-config="true" status="PASS" duration-ms="0" finished-at="2016-02-24T16:35:44Z" started-at="2016-02-24T16:35:44Z" description="checkBook">
          <reporter-output>
          </reporter-output>
        </test-method> <!-- beforeMethod -->
        <test-method status="PASS" signature="login()[pri:0, instance:com.vsii.tsc.TSCSelenium03.quyentx.MyNewTourTest@1464ce8]" test-instance-name="" name="login" duration-ms="4760" started-at="2016-02-24T16:35:44Z" finished-at="2016-02-24T16:35:48Z">
          <reporter-output>
          </reporter-output>
        </test-method> <!-- login -->
        <test-method name="afterMethod" test-instance-name="" signature="afterMethod()[pri:0, instance:com.vsii.tsc.TSCSelenium03.quyentx.MyNewTourTest@1464ce8]" is-config="true" status="PASS" duration-ms="0" finished-at="2016-02-24T16:35:44Z" started-at="2016-02-24T16:35:44Z" description="checkBook">
          <reporter-output>
          </reporter-output>
        </test-method> <!-- afterMethod -->
        <test-method name="afterMethod" test-instance-name="" signature="afterMethod()[pri:0, instance:com.vsii.tsc.TSCSelenium03.quyentx.MyNewTourTest@1464ce8]" is-config="true" status="PASS" duration-ms="0" finished-at="2016-02-24T16:35:48Z" started-at="2016-02-24T16:35:48Z" description="checkBook">
          <reporter-output>
          </reporter-output>
        </test-method> <!-- afterMethod -->
        <test-method status="PASS" signature="selectFlight()[pri:0, instance:com.vsii.tsc.TSCSelenium03.quyentx.MyNewTourTest@1464ce8]" test-instance-name="" name="selectFlight" duration-ms="9172" started-at="2016-02-24T16:35:48Z" finished-at="2016-02-24T16:35:57Z">
          <reporter-output>
          </reporter-output>
        </test-method> <!-- selectFlight -->
        <test-method name="beforeMethod" test-instance-name="" signature="beforeMethod()[pri:0, instance:com.vsii.tsc.TSCSelenium03.quyentx.MyNewTourTest@1464ce8]" is-config="true" status="PASS" duration-ms="0" finished-at="2016-02-24T16:35:48Z" started-at="2016-02-24T16:35:48Z" description="checkBook">
          <reporter-output>
          </reporter-output>
        </test-method> <!-- beforeMethod -->
        <test-method name="afterMethod" test-instance-name="" signature="afterMethod()[pri:0, instance:com.vsii.tsc.TSCSelenium03.quyentx.MyNewTourTest@1464ce8]" is-config="true" status="PASS" duration-ms="0" finished-at="2016-02-24T16:35:57Z" started-at="2016-02-24T16:35:57Z" description="checkBook">
          <reporter-output>
          </reporter-output>
        </test-method> <!-- afterMethod -->
        <test-method status="PASS" signature="afterClass()[pri:0, instance:com.vsii.tsc.TSCSelenium03.quyentx.MyNewTourTest@1464ce8]" test-instance-name="" name="afterClass" is-config="true" duration-ms="1" started-at="2016-02-24T16:35:57Z" finished-at="2016-02-24T16:35:57Z">
          <reporter-output>
          </reporter-output>
        </test-method> <!-- afterClass -->
      </class> <!-- com.vsii.tsc.TSCSelenium03.quyentx.MyNewTourTest -->
    </test> <!-- Default test -->
  </suite> <!-- Default suite -->
</testng-results>
